<?xml version="1.0" encoding="UTF-8"?>
<testsuite xmlns:xsi="http://www.w3.org/2001/XMLSchema-instance" xsi:noNamespaceSchemaLocation="https://maven.apache.org/surefire/maven-surefire-plugin/xsd/surefire-test-report.xsd" name="exercici.MainTest" time="0.039" tests="4" errors="0" skipped="0" failures="0">
  <properties>
[...]
</properties>
  <testcase name="Test1" classname="exercici.MainTest" time="0.024"/>
  <testcase name="Test2" classname="exercici.MainTest" time="0"/>
  <testcase name="Test3" classname="exercici.MainTest" time="0.001"/>
  <testcase name="Test4" classname="exercici.MainTest" time="0.001"/>
</testsuite>